2024/10/05 15:20:04 Failed to connect to the Database! 
dial tcp 127.0.0.1:3306: connectex: No connection could be made because the target machine actively refused it.
2024/10/05 15:20:28 successfully migrate database!
2024/10/05 15:20:28 successfully connected to mongoDB
2024/10/05 15:21:24 failed to insert new user: Error 1062 (23000): Duplicate entry 'dicky7' for key 'uni_users_username'
2024/10/05 15:21:26 failed to get user session on DB:  record not found
2024/10/05 15:21:28 failed to parse jwt: token has invalid claims: token is expired
2024/10/05 15:21:30 failed to parse jwt: token has invalid claims: token is expired
2024/10/05 15:38:55 failed to parse jwt: token has invalid claims: token is expired
2024/10/05 15:38:56 failed to parse jwt: token has invalid claims: token is expired
2024/10/05 15:38:57 failed to parse jwt: token has invalid claims: token is expired
2024/10/05 15:38:58 failed to parse jwt: token has invalid claims: token is expired
2024/10/05 15:38:59 failed to parse jwt: token has invalid claims: token is expired
2024/10/05 15:38:59 failed to parse jwt: token has invalid claims: token is expired
2024/10/05 15:40:12 failed to insert new user: Error 1062 (23000): Duplicate entry 'dicky7' for key 'uni_users_username'
2024/10/05 21:00:50 successfully migrate database!
2024/10/05 21:00:50 successfully connected to mongoDB
2024/10/05 21:00:50 failed to listen: listen tcp4 0.0.0.0:8080: bind: Only one usage of each socket address (protocol/network address/port) is normally permitted.
2024/10/05 21:01:03 successfully migrate database!
2024/10/05 21:01:03 successfully connected to mongoDB
2024/10/05 21:01:10 failed to insert new user: Error 1062 (23000): Duplicate entry 'dicky7' for key 'uni_users_username'
2024/10/05 21:09:55 successfully migrate database!
2024/10/05 21:09:55 successfully connected to mongoDB
2024/10/05 21:14:06 successfully migrate database!
2024/10/05 21:14:06 successfully connected to mongoDB
2024/10/05 21:22:16 successfully migrate database!
2024/10/05 21:22:16 successfully connected to mongoDB
2024/10/05 21:23:17 successfully migrate database!
2024/10/05 21:23:17 successfully connected to mongoDB
2024/10/05 21:23:27 successfully migrate database!
2024/10/05 21:23:27 successfully connected to mongoDB
2024/10/05 21:23:44 successfully migrate database!
2024/10/05 21:23:44 successfully connected to mongoDB
2024/10/05 21:28:18 successfully migrate database!
2024/10/05 21:28:18 successfully connected to mongoDB
2024/10/05 21:35:26 successfully migrate database!
2024/10/05 21:35:26 successfully connected to mongoDB
2024/10/05 21:35:33 successfully migrate database!
2024/10/05 21:35:33 successfully connected to mongoDB
2024/10/05 22:38:46 successfully migrate database!
2024/10/05 22:38:47 successfully connected to mongoDB
2024/10/05 22:42:01 successfully migrate database!
2024/10/05 22:42:01 successfully connected to mongoDB
2024/10/05 22:42:16 failed to get user session on DB:  record not found
2024/10/05 22:46:54 successfully migrate database!
2024/10/05 22:46:54 successfully connected to mongoDB
2024/10/05 22:47:02 failed to get user session on DB:  record not found
2024/10/05 22:49:54 successfully migrate database!
2024/10/05 22:49:54 successfully connected to mongoDB
2024/10/05 22:50:08 successfully migrate database!
2024/10/05 22:50:08 successfully connected to mongoDB
2024/10/05 23:03:52 successfully migrate database!
2024/10/05 23:03:52 successfully connected to mongoDB
2024/10/05 23:04:03 failed to insert new user: Error 1062 (23000): Duplicate entry 'dicky7' for key 'uni_users_username'
2024/10/05 23:04:05 failed to get user session on DB:  record not found
2024/10/05 23:04:07 failed to parse jwt: token has invalid claims: token is expired
2024/10/05 23:04:09 failed to parse jwt: token has invalid claims: token is expired
2024/10/05 23:09:28 successfully migrate database!
2024/10/05 23:09:28 successfully connected to mongoDB
2024/10/05 23:18:54 successfully migrate database!
2024/10/05 23:18:54 successfully connected to mongoDB
2024/10/05 23:19:32 failed to get user session on DB:  record not found
2024/10/05 23:21:28 successfully migrate database!
2024/10/05 23:21:28 successfully connected to mongoDB
2024/10/05 23:21:41 failed to get user session on DB:  record not found
2024/10/05 23:27:13 successfully migrate database!
2024/10/05 23:27:13 successfully connected to mongoDB
2024/10/05 23:30:41 successfully migrate database!
2024/10/05 23:30:41 successfully connected to mongoDB
2024/10/05 23:34:09 successfully migrate database!
2024/10/05 23:34:09 successfully connected to mongoDB
2024/10/05 23:34:32 successfully migrate database!
2024/10/05 23:34:32 successfully connected to mongoDB
2024/10/05 23:42:59 successfully migrate database!
2024/10/05 23:42:59 successfully connected to mongoDB
2024/10/05 23:45:37 error payload:  websocket: close 1001 (going away)
2024/10/05 23:48:22 successfully migrate database!
2024/10/05 23:48:22 successfully connected to mongoDB
2024/10/05 23:52:26 successfully migrate database!
2024/10/05 23:52:26 successfully connected to mongoDB
2024/10/05 23:52:57 error payload:  websocket: close 1001 (going away)
2024/10/05 23:58:57 successfully migrate database!
2024/10/05 23:58:57 successfully connected to mongoDB
2024/10/06 00:01:38 successfully migrate database!
2024/10/06 00:01:38 successfully connected to mongoDB
2024/10/06 00:08:48 error payload:  websocket: close 1001 (going away)
2024/10/09 21:17:11 successfully migrate database!
2024/10/09 21:17:11 successfully connected to mongoDB
2026/03/11 21:55:27 Failed to connect to the Database! 
dial tcp: lookup mysql-simple-messaging-app.cl6m6gek2g8u.ap-southeast-1.rds.amazonaws.com: no such host
2026/03/11 22:08:34 successfully migrate database!
2026/03/11 22:12:25 successfully migrate database!
2026/03/11 22:12:26 successfully connected to mongoDB
2026/03/11 22:18:04 failed to get username: record not found
2026/03/11 22:23:52 failed to validate request: Key: 'User.Username' Error:Field validation for 'Username' failed on the 'min' tag
Key: 'User.Password' Error:Field validation for 'Password' failed on the 'min' tag
2026/03/11 22:24:32 failed to get username: record not found
2026/03/11 22:25:09 failed to find message: server selection error: server selection timeout, current topology: { Type: ReplicaSetNoPrimary, Servers: [{ Addr: ac-uqm2k85-shard-00-02.rlmf4ur.mongodb.net:27017, Type: Unknown, Last error: remote error: tls: internal error }, { Addr: ac-uqm2k85-shard-00-00.rlmf4ur.mongodb.net:27017, Type: Unknown, Last error: remote error: tls: internal error }, { Addr: ac-uqm2k85-shard-00-01.rlmf4ur.mongodb.net:27017, Type: Unknown, Last error: remote error: tls: internal error }, ] }
2026/03/11 22:25:16 server selection error: server selection timeout, current topology: { Type: ReplicaSetNoPrimary, Servers: [{ Addr: ac-uqm2k85-shard-00-02.rlmf4ur.mongodb.net:27017, Type: Unknown, Last error: remote error: tls: internal error }, { Addr: ac-uqm2k85-shard-00-00.rlmf4ur.mongodb.net:27017, Type: Unknown, Last error: remote error: tls: internal error }, { Addr: ac-uqm2k85-shard-00-01.rlmf4ur.mongodb.net:27017, Type: Unknown, Last error: remote error: tls: internal error }, ] }
2026/03/11 22:27:13 server selection error: server selection timeout, current topology: { Type: ReplicaSetNoPrimary, Servers: [{ Addr: ac-uqm2k85-shard-00-02.rlmf4ur.mongodb.net:27017, Type: Unknown, Last error: remote error: tls: internal error }, { Addr: ac-uqm2k85-shard-00-00.rlmf4ur.mongodb.net:27017, Type: Unknown, Last error: remote error: tls: internal error }, { Addr: ac-uqm2k85-shard-00-01.rlmf4ur.mongodb.net:27017, Type: Unknown, Last error: remote error: tls: internal error }, ] }
2026/03/11 22:29:40 connection() error occurred during connection handshake: auth error: sasl conversation error: unable to authenticate using mechanism "SCRAM-SHA-1": (AtlasError) bad auth : authentication failed
2026/03/11 22:30:41 failed to find message: connection() error occurred during connection handshake: auth error: sasl conversation error: unable to authenticate using mechanism "SCRAM-SHA-1": (AtlasError) bad auth : authentication failed
2026/03/11 22:30:47 connection() error occurred during connection handshake: auth error: sasl conversation error: unable to authenticate using mechanism "SCRAM-SHA-1": (AtlasError) bad auth : authentication failed
2026/03/11 22:31:07 connection() error occurred during connection handshake: auth error: sasl conversation error: unable to authenticate using mechanism "SCRAM-SHA-1": (AtlasError) bad auth : authentication failed
2026/03/11 22:31:13 connection() error occurred during connection handshake: auth error: sasl conversation error: unable to authenticate using mechanism "SCRAM-SHA-1": (AtlasError) bad auth : authentication failed
2026/03/11 22:31:51 connection() error occurred during connection handshake: auth error: sasl conversation error: unable to authenticate using mechanism "SCRAM-SHA-1": (AtlasError) bad auth : authentication failed
2026/03/11 22:31:56 connection() error occurred during connection handshake: auth error: sasl conversation error: unable to authenticate using mechanism "SCRAM-SHA-1": (AtlasError) bad auth : authentication failed
2026/03/11 22:31:58 error payload:  websocket: close 1001 (going away)
2026/03/11 22:39:30 error payload:  websocket: close 1001 (going away)
2026/03/11 23:21:48 successfully migrate database!
2026/03/11 23:21:48 successfully connected to mongoDB
2026/03/11 23:22:08 error payload:  websocket: close 1001 (going away)
2026/03/11 23:28:34 failed to get username: invalid connection
2026/03/12 00:02:26 failed to get username: Error 1146 (42S02): Table 'simple_messaging.users' doesn't exist
2026/03/12 00:02:32 failed to insert new user: Error 1146 (42S02): Table 'simple_messaging.users' doesn't exist
2026/03/12 00:02:58 Failed to connect to the Database! 
dial tcp: lookup mysql: no such host
2026/03/12 00:05:01 successfully migrate database!
2026/03/12 00:05:01 successfully connected to mongoDB
2026/03/12 00:05:49 failed to find message: server selection error: server selection timeout, current topology: { Type: Unknown, Servers: [{ Addr: mongodb:27017, Type: Unknown, Last error: dial tcp: lookup mongodb: no such host }, ] }
2026/03/12 00:05:55 server selection error: server selection timeout, current topology: { Type: Unknown, Servers: [{ Addr: mongodb:27017, Type: Unknown, Last error: dial tcp: lookup mongodb: no such host }, ] }
2026/03/12 00:06:25 server selection error: server selection timeout, current topology: { Type: Unknown, Servers: [{ Addr: mongodb:27017, Type: Unknown, Last error: dial tcp: lookup mongodb: no such host }, ] }
2026/03/12 00:07:12 successfully migrate database!
2026/03/12 00:07:31 successfully migrate database!
2026/03/12 00:08:08 successfully migrate database!
2026/03/12 00:08:08 successfully connected to mongoDB
2026/03/12 00:10:27 error payload:  websocket: close 1001 (going away)
2026/03/12 00:15:17 successfully migrate database!
2026/03/12 00:15:17 successfully connected to mongoDB
2026/03/12 00:17:32 error payload:  websocket: close 1001 (going away)
2026/03/12 00:17:40 failed to get username: record not found
2026/03/12 00:19:50 error payload:  websocket: close 1001 (going away)
2026/03/12 00:19:50 error payload:  websocket: close 1001 (going away)
2026/03/12 00:19:59 successfully migrate database!
2026/03/12 00:19:59 successfully connected to mongoDB
2026/03/12 00:22:49 successfully migrate database!
2026/03/12 00:22:49 successfully connected to mongoDB
2026/03/12 00:23:26 error payload:  websocket: close 1001 (going away)
2026/03/12 00:23:33 error payload:  websocket: close 1001 (going away)
2026/03/12 00:23:56 error payload:  websocket: close 1001 (going away)
2026/03/12 08:32:29 Failed to connect to the Database! 
dial tcp 127.0.0.1:3306: connectex: No connection could be made because the target machine actively refused it.
2026/03/12 08:33:50 successfully migrate database!
2026/03/12 08:33:50 successfully connected to mongoDB
2026/03/12 08:34:11 error payload:  websocket: close 1001 (going away)
2026/03/12 08:34:15 error payload:  websocket: close 1001 (going away)
